<?xml version="1.0" encoding="UTF-8"?>
<testng-results ignored="0" total="1" passed="1" failed="0" skipped="0">
  <reporter-output>
  </reporter-output>
  <suite started-at="2023-01-10T15:40:45 IST" name="Suite" finished-at="2023-01-10T15:41:06 IST" duration-ms="21567">
    <groups>
    </groups>
    <test started-at="2023-01-10T15:40:45 IST" name="Test" finished-at="2023-01-10T15:41:06 IST" duration-ms="21567">
      <class name="com.cp.TestCases.HomePageTest">
        <test-method signature="TC_Coursera()[pri:0, instance:com.cp.TestCases.HomePageTest@1358b28e]" started-at="2023-01-10T15:40:45 IST" name="TC_Coursera" finished-at="2023-01-10T15:41:06 IST" duration-ms="20334" status="PASS">
          <reporter-output>
          </reporter-output>
        </test-method> <!-- TC_Coursera -->
        <test-method is-config="true" signature="TearDown()[pri:0, instance:com.cp.TestCases.HomePageTest@1358b28e]" started-at="2023-01-10T15:41:06 IST" name="TearDown" finished-at="2023-01-10T15:41:06 IST" duration-ms="693" status="PASS">
          <reporter-output>
          </reporter-output>
        </test-method> <!-- TearDown -->
      </class> <!-- com.cp.TestCases.HomePageTest -->
    </test> <!-- Test -->
  </suite> <!-- Suite -->
</testng-results>
